Added Component: Designator=C1(0603CAP)
Added Component: Designator=C2(0603CAP)
Added Component: Designator=C3(0603CAP)
Added Component: Designator=C4(0603CAP)
Added Component: Designator=C5(0603CAP)
Added Component: Designator=C6(0603CAP)
Added Component: Designator=C7(0603CAP)
Added Component: Designator=C8(0603CAP)
Added Component: Designator=C9(0603CAP)
Added Component: Designator=C10(0603CAP)
Added Component: Designator=D4(LED_0603)
Added Component: Designator=D5(LED_0603)
Added Component: Designator=D6(LED_0603)
Added Component: Designator=P1(MHDR1X2)
Added Component: Designator=P2(MHDR1X2)
Added Component: Designator=P3(MHDR1X3)
Added Component: Designator=P4(MHDR1X2)
Added Component: Designator=R1(RES0603)
Added Component: Designator=R2(RES0603)
Added Component: Designator=R3(RES0603)
Added Component: Designator=R4(RES0603)
Added Component: Designator=R5(RES0603)
Added Component: Designator=R6(RES0603)
Added Component: Designator=R7(RES0603)
Added Component: Designator=R8(RES0603)
Added Component: Designator=R9(RES0603)
Added Component: Designator=R10(RES0603)
Added Component: Designator=R11(RES0603)
Added Component: Designator=R12(RES0603)
Added Component: Designator=R13(RES0603)
Added Component: Designator=R14(RES0603)
Added Component: Designator=R15(RES0603)
Added Component: Designator=R16(RES0603)
Added Component: Designator=R17(RES0603)
Added Component: Designator=R18(RES0603)
Added Component: Designator=R19(RES0603)
Added Component: Designator=R20(RES0603)
Added Component: Designator=TP1(TESTPOINT_1.6MM)
Added Component: Designator=TP2(TESTPOINT_1.6MM)
Added Component: Designator=TP3(TESTPOINT_1.6MM)
Added Component: Designator=TP4(TESTPOINT_1.6MM)
Added Component: Designator=TP5(TESTPOINT_1.6MM)
Added Component: Designator=TP6(TESTPOINT_1.6MM)
Added Component: Designator=U1(SO8)
Added Component: Designator=U2(SO8)
Added Pin To Net: NetName=GND Pin=C1-1
Added Pin To Net: NetName=5V Pin=C1-2
Added Pin To Net: NetName=GND Pin=C2-1
Added Pin To Net: NetName=5V Pin=C2-2
Added Pin To Net: NetName=GND Pin=C3-2
Added Pin To Net: NetName=GND Pin=C5-2
Added Pin To Net: NetName=GND Pin=C6-2
Added Pin To Net: NetName=GND Pin=C9-2
Added Pin To Net: NetName=GND Pin=D4-1
Added Pin To Net: NetName=GND Pin=D5-1
Added Pin To Net: NetName=GND Pin=D6-1
Added Pin To Net: NetName=GND Pin=P2-1
Added Pin To Net: NetName=GND Pin=P2-2
Added Pin To Net: NetName=GND Pin=P3-3
Added Pin To Net: NetName=GND Pin=R7-1
Added Pin To Net: NetName=GND Pin=R8-1
Added Pin To Net: NetName=GND Pin=R9-1
Added Pin To Net: NetName=GND Pin=R12-1
Added Pin To Net: NetName=GND Pin=R13-1
Added Pin To Net: NetName=GND Pin=R18-1
Added Pin To Net: NetName=GND Pin=R19-1
Added Pin To Net: NetName=GND Pin=U1-4
Added Pin To Net: NetName=5V Pin=U1-8
Added Pin To Net: NetName=GND Pin=U2-4
Added Pin To Net: NetName=5V Pin=U2-8
Added Pin To Net: NetName=NetC3_1 Pin=C3-1
Added Pin To Net: NetName=NetC3_1 Pin=R1-2
Added Pin To Net: NetName=NetC3_1 Pin=TP2-1
Added Pin To Net: NetName=NetC3_1 Pin=U1-3
Added Net: Name=NetC3_1
Added Pin To Net: NetName=NetC4_1 Pin=C4-1
Added Pin To Net: NetName=NetC4_1 Pin=R2-2
Added Pin To Net: NetName=NetC4_1 Pin=R8-2
Added Pin To Net: NetName=NetC4_1 Pin=R9-2
Added Pin To Net: NetName=NetC4_1 Pin=U1-2
Added Net: Name=NetC4_1
Added Pin To Net: NetName=NetC4_2 Pin=C4-2
Added Pin To Net: NetName=NetC4_2 Pin=R6-1
Added Pin To Net: NetName=NetC4_2 Pin=TP3-1
Added Pin To Net: NetName=NetC4_2 Pin=U1-1
Added Net: Name=NetC4_2
Added Pin To Net: NetName=NetC5_1 Pin=C5-1
Added Pin To Net: NetName=NetC5_1 Pin=C6-1
Added Pin To Net: NetName=NetC5_1 Pin=C9-1
Added Pin To Net: NetName=NetC5_1 Pin=P1-1
Added Pin To Net: NetName=NetC5_1 Pin=P1-2
Added Pin To Net: NetName=NetC5_1 Pin=P3-1
Added Pin To Net: NetName=NetC5_1 Pin=R1-1
Added Pin To Net: NetName=NetC5_1 Pin=R7-2
Added Pin To Net: NetName=NetC5_1 Pin=TP1-1
Added Pin To Net: NetName=NetC5_1 Pin=U1-5
Added Pin To Net: NetName=NetC5_1 Pin=U2-3
Added Net: Name=NetC5_1
Added Pin To Net: NetName=NetC7_1 Pin=C7-1
Added Pin To Net: NetName=NetC7_1 Pin=R10-2
Added Pin To Net: NetName=NetC7_1 Pin=R12-2
Added Pin To Net: NetName=NetC7_1 Pin=R13-2
Added Pin To Net: NetName=NetC7_1 Pin=U1-6
Added Net: Name=NetC7_1
Added Pin To Net: NetName=NetC7_2 Pin=C7-2
Added Pin To Net: NetName=NetC7_2 Pin=R11-1
Added Pin To Net: NetName=NetC7_2 Pin=TP4-1
Added Pin To Net: NetName=NetC7_2 Pin=U1-7
Added Net: Name=NetC7_2
Added Pin To Net: NetName=NetC8_1 Pin=C8-1
Added Pin To Net: NetName=NetC8_1 Pin=R14-2
Added Pin To Net: NetName=NetC8_1 Pin=R15-2
Added Pin To Net: NetName=NetC8_1 Pin=R16-1
Added Pin To Net: NetName=NetC8_1 Pin=U2-6
Added Net: Name=NetC8_1
Added Pin To Net: NetName=NetC8_2 Pin=C8-2
Added Pin To Net: NetName=NetC8_2 Pin=R14-1
Added Pin To Net: NetName=NetC8_2 Pin=R15-1
Added Pin To Net: NetName=NetC8_2 Pin=TP6-1
Added Pin To Net: NetName=NetC8_2 Pin=U2-7
Added Net: Name=NetC8_2
Added Pin To Net: NetName=NetC10_1 Pin=C10-1
Added Pin To Net: NetName=NetC10_1 Pin=R17-2
Added Pin To Net: NetName=NetC10_1 Pin=R18-2
Added Pin To Net: NetName=NetC10_1 Pin=R19-2
Added Pin To Net: NetName=NetC10_1 Pin=R20-2
Added Pin To Net: NetName=NetC10_1 Pin=U2-2
Added Net: Name=NetC10_1
Added Pin To Net: NetName=NetC10_2 Pin=C10-2
Added Pin To Net: NetName=NetC10_2 Pin=R17-1
Added Pin To Net: NetName=NetC10_2 Pin=R20-1
Added Pin To Net: NetName=NetC10_2 Pin=TP5-1
Added Pin To Net: NetName=NetC10_2 Pin=U2-1
Added Net: Name=NetC10_2
Added Pin To Net: NetName=NetD4_2 Pin=D4-2
Added Pin To Net: NetName=NetD4_2 Pin=R3-1
Added Net: Name=NetD4_2
Added Pin To Net: NetName=NetD5_2 Pin=D5-2
Added Pin To Net: NetName=NetD5_2 Pin=R4-1
Added Net: Name=NetD5_2
Added Pin To Net: NetName=NetD6_2 Pin=D6-2
Added Pin To Net: NetName=NetD6_2 Pin=R5-1
Added Net: Name=NetD6_2
Added Pin To Net: NetName=NetP3_2 Pin=P3-2
Added Pin To Net: NetName=NetP3_2 Pin=U2-5
Added Net: Name=NetP3_2
Added Pin To Net: NetName=NetP4_1 Pin=P4-1
Added Pin To Net: NetName=NetP4_1 Pin=P4-2
Added Pin To Net: NetName=NetP4_1 Pin=R16-2
Added Net: Name=NetP4_1
Added Pin To Net: NetName=NetR2_1 Pin=R2-1
Added Pin To Net: NetName=NetR2_1 Pin=R6-2
Added Net: Name=NetR2_1
Added Pin To Net: NetName=NetR3_2 Pin=R3-2
Added Net: Name=NetR3_2
Added Pin To Net: NetName=NetR4_2 Pin=R4-2
Added Net: Name=NetR4_2
Added Pin To Net: NetName=NetR5_2 Pin=R5-2
Added Net: Name=NetR5_2
Added Pin To Net: NetName=NetR10_1 Pin=R10-1
Added Pin To Net: NetName=NetR10_1 Pin=R11-2
Added Net: Name=NetR10_1
Added Member To Class: ClassName=ArduinoUnoShield Member=Component C1 CAP0603
Added Member To Class: ClassName=ArduinoUnoShield Member=Component C2 CAP0603
Added Member To Class: ClassName=ArduinoUnoShield Member=Component C3 CAP0603
Added Member To Class: ClassName=ArduinoUnoShield Member=Component C4 CAP0603
Added Member To Class: ClassName=ArduinoUnoShield Member=Component C5 CAP0603
Added Member To Class: ClassName=ArduinoUnoShield Member=Component C6 CAP0603
Added Member To Class: ClassName=ArduinoUnoShield Member=Component C7 CAP0603
Added Member To Class: ClassName=ArduinoUnoShield Member=Component C8 CAP0603
Added Member To Class: ClassName=ArduinoUnoShield Member=Component C9 CAP0603
Added Member To Class: ClassName=ArduinoUnoShield Member=Component C10 CAP0603
Added Member To Class: ClassName=ArduinoUnoShield Member=Component D4 LED
Added Member To Class: ClassName=ArduinoUnoShield Member=Component D5 LED
Added Member To Class: ClassName=ArduinoUnoShield Member=Component D6 LED
Added Member To Class: ClassName=ArduinoUnoShield Member=Component P1 MHDR1X2
Added Member To Class: ClassName=ArduinoUnoShield Member=Component P2 MHDR1X2
Added Member To Class: ClassName=ArduinoUnoShield Member=Component P3 MHDR1X3
Added Member To Class: ClassName=ArduinoUnoShield Member=Component P4 MHDR1X2
Added Member To Class: ClassName=ArduinoUnoShield Member=Component R1 RES_STANDARD
Added Member To Class: ClassName=ArduinoUnoShield Member=Component R2 RES_STANDARD
Added Member To Class: ClassName=ArduinoUnoShield Member=Component R3 RES_STANDARD
Added Member To Class: ClassName=ArduinoUnoShield Member=Component R4 RES_STANDARD
Added Member To Class: ClassName=ArduinoUnoShield Member=Component R5 RES_STANDARD
Added Member To Class: ClassName=ArduinoUnoShield Member=Component R6 RES_STANDARD
Added Member To Class: ClassName=ArduinoUnoShield Member=Component R7 RES_STANDARD
Added Member To Class: ClassName=ArduinoUnoShield Member=Component R8 RES_STANDARD
Added Member To Class: ClassName=ArduinoUnoShield Member=Component R9 RES_STANDARD
Added Member To Class: ClassName=ArduinoUnoShield Member=Component R10 RES_STANDARD
Added Member To Class: ClassName=ArduinoUnoShield Member=Component R11 RES_STANDARD
Added Member To Class: ClassName=ArduinoUnoShield Member=Component R12 RES_STANDARD
Added Member To Class: ClassName=ArduinoUnoShield Member=Component R13 RES_STANDARD
Added Member To Class: ClassName=ArduinoUnoShield Member=Component R14 RES_STANDARD
Added Member To Class: ClassName=ArduinoUnoShield Member=Component R15 RES_STANDARD
Added Member To Class: ClassName=ArduinoUnoShield Member=Component R16 RES_STANDARD
Added Member To Class: ClassName=ArduinoUnoShield Member=Component R17 RES_STANDARD
Added Member To Class: ClassName=ArduinoUnoShield Member=Component R18 RES_STANDARD
Added Member To Class: ClassName=ArduinoUnoShield Member=Component R19 RES_STANDARD
Added Member To Class: ClassName=ArduinoUnoShield Member=Component R20 RES_STANDARD
Added Member To Class: ClassName=ArduinoUnoShield Member=Component TP1 TESTPOINT_1.6MM
Added Member To Class: ClassName=ArduinoUnoShield Member=Component TP2 TESTPOINT_1.6MM
Added Member To Class: ClassName=ArduinoUnoShield Member=Component TP3 TESTPOINT_1.6MM
Added Member To Class: ClassName=ArduinoUnoShield Member=Component TP4 TESTPOINT_1.6MM
Added Member To Class: ClassName=ArduinoUnoShield Member=Component TP5 TESTPOINT_1.6MM
Added Member To Class: ClassName=ArduinoUnoShield Member=Component TP6 TESTPOINT_1.6MM
Added Member To Class: ClassName=ArduinoUnoShield Member=Component U1 OPA2335
Added Member To Class: ClassName=ArduinoUnoShield Member=Component U2 OPA2335
