Removed Pin From Net: NetName=GND Pin=D4-1
Removed Pin From Net: NetName=GND Pin=D5-1
Removed Pin From Net: NetName=GND Pin=D6-1
Removed Pin From Net: NetName=5V Pin=ICSP-2
Removed Pin From Net: NetName=GND Pin=ICSP-6
Removed Member From Class: ClassName=ArduinoUnoShield Member=D4
Removed Member From Class: ClassName=ArduinoUnoShield Member=D5
Removed Member From Class: ClassName=ArduinoUnoShield Member=D6
Removed Member From Class: ClassName=ArduinoUnoShield Member=ICSP
Added Component: Designator=C11(0603CAP)
Added Component: Designator=R21(RES0603)
Added Component: Designator=R22(RES0603)
Added Component: Designator=R23(RES0603)
Added Pin To Net: NetName=GND Pin=C11-1
Added Pin To Net: NetName=IO10 Pin=R3-1
Added Pin To Net: NetName=GND Pin=R4-1
Added Pin To Net: NetName=IO10 Pin=R4-2
Added Pin To Net: NetName=IO11 Pin=R5-1
Added Pin To Net: NetName=GND Pin=R21-1
Added Pin To Net: NetName=IO11 Pin=R21-2
Added Pin To Net: NetName=IO12 Pin=R22-1
Added Pin To Net: NetName=GND Pin=R23-1
Added Pin To Net: NetName=IO12 Pin=R23-2
Added Pin To Net: NetName=3.3V Pin=C11-2
Added Pin To Net: NetName=3.3V Pin=POWER-5
Added Net: Name=3.3V
Added Pin To Net: NetName=CS Pin=R3-2
Added Net: Name=CS
Added Pin To Net: NetName=MOSI0 Pin=R5-2
Added Net: Name=MOSI0
Added Pin To Net: NetName=NetJ1_7 Pin=R22-2
Added Net: Name=NetJ1_7
Added Member To Class: ClassName=ArduinoUnoShield Member=Component C11 CAP0603
Added Member To Class: ClassName=ArduinoUnoShield Member=Component R21 RES_STANDARD
Added Member To Class: ClassName=ArduinoUnoShield Member=Component R22 RES_STANDARD
Added Member To Class: ClassName=ArduinoUnoShield Member=Component R23 RES_STANDARD
